<?xml version="1.0" encoding="UTF-8"?>
<!-- Generated by org.testng.reporters.JUnitReportReporter -->
<testsuite hostname="DESKTOP-AG0407A" failures="0" tests="3" name="practice_package.Test1" time="79.229" errors="0" timestamp="2023-08-08T10:43:37 IST" skipped="0">
  <testcase classname="practice_package.Test1" name="editContact" time="5.400"/>
  <system-out/>
  <testcase classname="practice_package.Test1" name="createContact" time="66.718"/>
  <system-out/>
  <testcase classname="practice_package.Test1" name="deleteContact" time="7.111"/>
  <system-out/>
</testsuite> <!-- practice_package.Test1 -->
