<?xml version="1.0" encoding="UTF-8"?>
<!-- Generated by org.testng.reporters.JUnitReportReporter -->
<testsuite hostname="DESKTOP-AG0407A" failures="0" tests="7" name="practice_package.FetchDataProvider" time="0.067" errors="0" timestamp="2023-08-04T15:01:21 IST" skipped="0">
  <testcase classname="practice_package.FetchDataProvider" name="getData2" time="0.007"/>
  <system-out/>
  <testcase classname="practice_package.FetchDataProvider" name="getData2" time="0.004"/>
  <system-out/>
  <testcase classname="practice_package.FetchDataProvider" name="getData" time="0.004"/>
  <system-out/>
  <testcase classname="practice_package.FetchDataProvider" name="getData1" time="0.011"/>
  <system-out/>
  <testcase classname="practice_package.FetchDataProvider" name="getData1" time="0.003"/>
  <system-out/>
  <testcase classname="practice_package.FetchDataProvider" name="getData" time="0.034"/>
  <system-out/>
  <testcase classname="practice_package.FetchDataProvider" name="getData2" time="0.004"/>
  <system-out/>
</testsuite> <!-- practice_package.FetchDataProvider -->
