<?xml version="1.0" encoding="UTF-8"?>
<!-- Generated by org.testng.reporters.JUnitReportReporter -->
<testsuite hostname="DESKTOP-AG0407A" failures="0" tests="1" name="practice_package.Sports" time="0.000" errors="0" timestamp="2023-08-04T17:29:50 IST" skipped="1">
  <testcase classname="practice_package.Sports" name="sportsData" time="0.000">
    <skipped/>
  </testcase> <!-- sportsData -->
  <system-out/>
</testsuite> <!-- practice_package.Sports -->
