<?xml version="1.0" encoding="UTF-8"?>
<!-- Generated by org.testng.reporters.JUnitReportReporter -->
<testsuite hostname="DESKTOP-AG0407A" failures="0" tests="2" name="practice_package.DataProviderTest" time="0.036" errors="0" timestamp="2023-08-04T13:26:20 IST" skipped="0">
  <testcase classname="practice_package.DataProviderTest" name="getData" time="0.004"/>
  <system-out/>
  <testcase classname="practice_package.DataProviderTest" name="getData" time="0.032"/>
  <system-out/>
</testsuite> <!-- practice_package.DataProviderTest -->
