<?xml version="1.0" encoding="UTF-8"?>
<!-- Generated by org.testng.reporters.JUnitReportReporter -->
<testsuite hostname="DESKTOP-AG0407A" failures="0" tests="1" name="TestNG_Module.Test3" time="0.007" errors="0" timestamp="2023-08-08T10:28:46 IST" skipped="0">
  <testcase classname="TestNG_Module.Test3" name="deleteOrderTest" time="0.007"/>
  <system-out/>
</testsuite> <!-- TestNG_Module.Test3 -->
